<?xml version="1.0" encoding="UTF-8"?>
<testng-results skipped="0" failed="0" ignored="0" total="1" passed="1">
  <reporter-output>
  </reporter-output>
  <suite name="Default suite" duration-ms="3550" started-at="2019-12-06T07:05:01Z" finished-at="2019-12-06T07:05:05Z">
    <groups>
    </groups>
    <test name="Default test" duration-ms="3550" started-at="2019-12-06T07:05:01Z" finished-at="2019-12-06T07:05:05Z">
      <class name="vTestAPIDemo.ScreenTest">
        <test-method status="PASS" signature="setUp()[pri:0, instance:vTestAPIDemo.ScreenTest@4b9e13df]" name="setUp" is-config="true" duration-ms="314" started-at="2019-12-06T07:05:01Z" finished-at="2019-12-06T07:05:02Z">
          <reporter-output>
          </reporter-output>
        </test-method> <!-- setUp -->
        <test-method status="PASS" signature="getScreenNameTest()[pri:0, instance:vTestAPIDemo.ScreenTest@4b9e13df]" name="getScreenNameTest" duration-ms="3223" started-at="2019-12-06T07:05:02Z" finished-at="2019-12-06T07:05:05Z">
          <reporter-output>
          </reporter-output>
        </test-method> <!-- getScreenNameTest -->
      </class> <!-- vTestAPIDemo.ScreenTest -->
    </test> <!-- Default test -->
  </suite> <!-- Default suite -->
</testng-results>
