<?xml version="1.0" encoding="UTF-8"?>
<testng-results skipped="0" failed="0" ignored="0" total="2" passed="2">
  <reporter-output>
  </reporter-output>
  <suite name="Suite" duration-ms="9692" started-at="2019-12-06T15:40:47Z" finished-at="2019-12-06T15:40:57Z">
    <groups>
    </groups>
    <test name="Test" duration-ms="9692" started-at="2019-12-06T15:40:47Z" finished-at="2019-12-06T15:40:57Z">
      <class name="org.vtest.storestests.StoresTest">
        <test-method status="PASS" signature="setUp()[pri:0, instance:org.vtest.storestests.StoresTest@2b98378d]" name="setUp" is-config="true" duration-ms="883" started-at="2019-12-06T15:40:47Z" finished-at="2019-12-06T15:40:48Z">
          <reporter-output>
          </reporter-output>
        </test-method> <!-- setUp -->
        <test-method status="PASS" signature="getScreenNameTest()[pri:0, instance:org.vtest.storestests.StoresTest@2b98378d]" name="getScreenNameTest" duration-ms="5584" started-at="2019-12-06T15:40:48Z" finished-at="2019-12-06T15:40:53Z">
          <reporter-output>
          </reporter-output>
        </test-method> <!-- getScreenNameTest -->
      </class> <!-- org.vtest.storestests.StoresTest -->
      <class name="org.vtest.screentests.ScreenTest">
        <test-method status="PASS" signature="setUp()[pri:0, instance:org.vtest.screentests.ScreenTest@475530b9]" name="setUp" is-config="true" duration-ms="1" started-at="2019-12-06T15:40:53Z" finished-at="2019-12-06T15:40:53Z">
          <reporter-output>
          </reporter-output>
        </test-method> <!-- setUp -->
        <test-method status="PASS" signature="getScreenNameTest()[pri:0, instance:org.vtest.screentests.ScreenTest@475530b9]" name="getScreenNameTest" duration-ms="3190" started-at="2019-12-06T15:40:53Z" finished-at="2019-12-06T15:40:57Z">
          <reporter-output>
          </reporter-output>
        </test-method> <!-- getScreenNameTest -->
      </class> <!-- org.vtest.screentests.ScreenTest -->
    </test> <!-- Test -->
  </suite> <!-- Suite -->
</testng-results>
